<?xml version="1.0" encoding="UTF-8"?>
<!-- Generated by org.testng.reporters.JUnitReportReporter -->
<testsuite hostname="LAPTOP-HRPF4BH4" failures="0" tests="1" name="testCases.TC_005_FB_AutoSignIn_Valid_data" time="3.607" errors="0" timestamp="2024-01-22T19:24:45 IST" skipped="0">
  <testcase classname="testCases.TC_005_FB_AutoSignIn_Valid_data" name="verify_FB_AutoSignIn" time="3.607"/>
  <system-out/>
</testsuite> <!-- testCases.TC_005_FB_AutoSignIn_Valid_data -->
